<?xml version="1.0" encoding="UTF-8"?>
<!-- Generated by org.testng.reporters.JUnitXMLReporter -->
<testsuite hostname="dell" name="javajoes" tests="3" failures="0" timestamp="13 May 2016 17:13:11 GMT" time="0.078" errors="0">
  <testcase name="cookAndServePizzas" time="0.016" classname="week4.Groups.SwatiLifeCycle"/>
  <testcase name="cookAndServeDoNuts" time="0.0" classname="week4.Groups.SwatiLifeCycle"/>
  <testcase name="driverAndDeliver" time="0.0" classname="week4.Groups.PrashanthLifeCycle"/>
</testsuite> <!-- javajoes -->
