<?xml version="1.0" encoding="UTF-8"?>
<!-- Generated by org.testng.reporters.JUnitXMLReporter -->
<testsuite hostname="dell" name="k2b" tests="7" failures="0" timestamp="12 May 2016 11:10:53 GMT" time="0.062" errors="0">
  <testcase name="driverAndDeliver" time="0.0" classname="week4.Day2Class.IrfanLifeCycle"/>
  <testcase name="serveHalwa" time="0.0" classname="week4.Day2Class.ShaheenLifeCycle"/>
  <testcase name="serveBriyani" time="0.0" classname="week4.Day2Class.ShaheenLifeCycle"/>
  <testcase name="partyOrders" time="0.0" classname="week4.Day2Class.IrfanLifeCycle"/>
  <testcase name="partyOrders" time="0.0" classname="week4.Day2Class.IrfanLifeCycle"/>
  <testcase name="partyOrders" time="0.0" classname="week4.Day2Class.IrfanLifeCycle"/>
  <testcase name="partyOrders" time="0.0" classname="week4.Day2Class.IrfanLifeCycle"/>
</testsuite> <!-- k2b -->
