<?xml version="1.0" encoding="UTF-8"?>
<!-- Generated by org.testng.reporters.JUnitXMLReporter -->
<testsuite hostname="dell" name="tester" tests="2" failures="0" timestamp="12 May 2016 18:00:41 GMT" time="0.063" errors="0">
  <testcase name="@BeforeClass launchbrowser" time="0.0" classname="week4.Homework.CreateLead">
    <failure type="java.lang.NullPointerException">
      <![CDATA[java.lang.NullPointerException
	at week4.Homework.WrapperNew.screenShot(WrapperNew.java:62)
	at week4.Homework.WrapperNew.launchBrowser(WrapperNew.java:55)
	at week4.Homework.CreateLead.launchbrowser(CreateLead.java:23)
... Removed 25 stack frames]]>
    </failure>
  </testcase> <!-- @BeforeClass launchbrowser -->
  <testcase name="@BeforeMethod login" time="0.0" classname="week4.Homework.CreateLead">
    <skipped/>
  </testcase> <!-- @BeforeMethod login -->
  <testcase name="@BeforeMethod login" time="0.0" classname="week4.Homework.CreateLead">
    <skipped/>
  </testcase> <!-- @BeforeMethod login -->
  <testcase name="@AfterClass closebrowser" time="0.0" classname="week4.Homework.CreateLead">
    <skipped/>
  </testcase> <!-- @AfterClass closebrowser -->
  <testcase name="@AfterTest afterTest" time="0.0" classname="week4.Homework.CreateLead">
    <skipped/>
  </testcase> <!-- @AfterTest afterTest -->
  <testcase name="fillform" time="0.015" classname="week4.Homework.CreateLead">
    <skipped/>
  </testcase> <!-- fillform -->
  <testcase name="fillform" time="0.0" classname="week4.Homework.CreateLead">
    <skipped/>
  </testcase> <!-- fillform -->
</testsuite> <!-- tester -->
