<?xml version="1.0" encoding="UTF-8"?>
<!-- Generated by org.testng.reporters.JUnitXMLReporter -->
<testsuite hostname="dell" name="k2b" tests="3" failures="0" timestamp="12 May 2016 09:38:11 GMT" time="0.063" errors="0">
  <testcase name="cookAndServePizzas" time="0.0" classname="week4.Groups.SwatiLifeCycle"/>
  <testcase name="cookAndServeDoNuts" time="0.0" classname="week4.Groups.SwatiLifeCycle"/>
  <testcase name="driverAndDeliver" time="0.016" classname="week4.Groups.PrashanthLifeCycle"/>
</testsuite> <!-- k2b -->
