<?xml version="1.0" encoding="UTF-8"?>
<!-- Generated by org.testng.reporters.JUnitXMLReporter -->
<testsuite hostname="dell" name="k2b" tests="7" failures="0" timestamp="13 May 2016 13:08:30 GMT" time="0.109" errors="0">
  <testcase name="driverAndDeliver" time="0.016" classname="week4.Day2Class.IrfanLifeCycle"/>
  <testcase name="serveHalwa" time="0.016" classname="week4.Day2Class.ShaheenLifeCycle"/>
  <testcase name="serveBriyani" time="0.0" classname="week4.Day2Class.ShaheenLifeCycle"/>
  <testcase name="partyOrders" time="0.016" classname="week4.Day2Class.IrfanLifeCycle"/>
  <testcase name="partyOrders" time="0.0" classname="week4.Day2Class.IrfanLifeCycle"/>
  <testcase name="partyOrders" time="0.0" classname="week4.Day2Class.IrfanLifeCycle"/>
  <testcase name="partyOrders" time="0.016" classname="week4.Day2Class.IrfanLifeCycle"/>
</testsuite> <!-- k2b -->
